<?xml version="1.0" encoding="UTF-8"?>
<!-- Generated by org.testng.reporters.JUnitReportReporter -->
<testsuite hostname="DESKTOP-9I3SV3N" failures="0" tests="1" name="pkg.Titleverification" time="1.595" errors="0" timestamp="2023-05-06T10:30:48 IST" skipped="0">
  <testcase classname="pkg.Titleverification" name="test" time="1.595"/>
  <system-out/>
</testsuite> <!-- pkg.Titleverification -->
